{"E:\\REACT-NATIVE\\pollingapp\\src\\Details.tsx": {"path":"E:\\REACT-NATIVE\\pollingapp\\src\\Details.tsx","statementMap":{"0":{"start":{"line":15,"column":27},"end":{"line":22,"column":1}},"1":{"start":{"line":16,"column":2},"end":{"line":21,"column":4}}},"fnMap":{"0":{"name":"(anonymous_0)","decl":{"start":{"line":15,"column":27},"end":{"line":15,"column":28}},"loc":{"start":{"line":15,"column":38},"end":{"line":22,"column":1}},"line":15}},"branchMap":{},"s":{"0":1,"1":1},"f":{"0":1},"b":{},"_coverageSchema":"1a1c01bbd47fc00a2c39e90264f33305004495a9","hash":"91a995bb2c199925693c8e2bb93bff913de2bcca"}
,"E:\\REACT-NATIVE\\pollingapp\\src\\styles.ts": {"path":"E:\\REACT-NATIVE\\pollingapp\\src\\styles.ts","statementMap":{"0":{"start":{"line":5,"column":28},"end":{"line":65,"column":2}}},"fnMap":{},"branchMap":{},"s":{"0":1},"f":{},"b":{},"_coverageSchema":"1a1c01bbd47fc00a2c39e90264f33305004495a9","hash":"61c185a6da636fb85239fdfecf242740b17465af"}
}
